This file contains any messages produced by compilers while
running configure, to aid debugging if configure makes a mistake.

It was created by gf2x configure 1.3.1dev, which was
generated by GNU Autoconf 2.71.  Invocation command line was

  $ /cado-nfs/gf2x/configure --disable-shared --disable-dependency-tracking --enable-fft-interface CC=/usr/bin/cc CXX=/usr/bin/c++ 'CFLAGS=-std=c99 -W -Wall -O2 -march=native -DNDEBUG  -I/usr/include/x86_64-linux-gnu -I/cado-nfs' 'CXXFLAGS=-export-dynamic -std=c++17 -Wno-c++11-compat -W -Wall -O2 -march=native -DNDEBUG  -Wno-literal-suffix -I/usr/include/x86_64-linux-gnu -I/cado-nfs' 'LDFLAGS=-Wl,-rpath,/usr/lib/x86_64-linux-gnu -L/usr/lib/x86_64-linux-gnu'

## --------- ##
## Platform. ##
## --------- ##

hostname = buildkitsandbox
uname -m = x86_64
uname -r = 6.1.78-mmp
uname -s = Linux
uname -v = #1 SMP PREEMPT_DYNAMIC Mon Apr  8 02:23:14 EEST 2024

/usr/bin/uname -p = x86_64
/bin/uname -X     = unknown

/bin/arch              = x86_64
/usr/bin/arch -k       = unknown
/usr/convex/getsysinfo = unknown
/usr/bin/hostinfo      = unknown
/bin/machine           = unknown
/usr/bin/oslevel       = unknown
/bin/universe          = unknown

PATH: /usr/local/sbin/
PATH: /usr/local/bin/
PATH: /usr/sbin/
PATH: /usr/bin/
PATH: /sbin/
PATH: /bin/


## ----------- ##
## Core tests. ##
## ----------- ##

configure:3100: looking for aux files: ltmain.sh missing install-sh compile config.guess config.sub
configure:3113:  trying /cado-nfs/gf2x/config/
configure:3142:   /cado-nfs/gf2x/config/ltmain.sh found
configure:3142:   /cado-nfs/gf2x/config/missing found
configure:3124:   /cado-nfs/gf2x/config/install-sh found
configure:3142:   /cado-nfs/gf2x/config/compile found
configure:3142:   /cado-nfs/gf2x/config/config.guess found
configure:3142:   /cado-nfs/gf2x/config/config.sub found
configure:3306: checking build system type
configure:3321: result: x86_64-unknown-linux-gnu
configure:3341: checking host system type
configure:3355: result: x86_64-unknown-linux-gnu
configure:3375: checking target system type
configure:3389: result: x86_64-unknown-linux-gnu
configure:3488: checking for gcc
configure:3520: result: /usr/bin/cc
configure:3873: checking for C compiler version
configure:3882: /usr/bin/cc --version >&5
cc (Ubuntu 11.4.0-1ubuntu1~22.04) 11.4.0
Copyright (C) 2021 Free Software Foundation, Inc.
This is free software; see the source for copying conditions.  There is NO
warranty; not even for MERCHANTABILITY or FITNESS FOR A PARTICULAR PURPOSE.

configure:3893: $? = 0
configure:3882: /usr/bin/cc -v >&5
Using built-in specs.
COLLECT_GCC=/usr/bin/cc
COLLECT_LTO_WRAPPER=/usr/lib/gcc/x86_64-linux-gnu/11/lto-wrapper
OFFLOAD_TARGET_NAMES=nvptx-none:amdgcn-amdhsa
OFFLOAD_TARGET_DEFAULT=1
Target: x86_64-linux-gnu
Configured with: ../src/configure -v --with-pkgversion='Ubuntu 11.4.0-1ubuntu1~22.04' --with-bugurl=file:///usr/share/doc/gcc-11/README.Bugs --enable-languages=c,ada,c++,go,brig,d,fortran,objc,obj-c++,m2 --prefix=/usr --with-gcc-major-version-only --program-suffix=-11 --program-prefix=x86_64-linux-gnu- --enable-shared --enable-linker-build-id --libexecdir=/usr/lib --without-included-gettext --enable-threads=posix --libdir=/usr/lib --enable-nls --enable-bootstrap --enable-clocale=gnu --enable-libstdcxx-debug --enable-libstdcxx-time=yes --with-default-libstdcxx-abi=new --enable-gnu-unique-object --disable-vtable-verify --enable-plugin --enable-default-pie --with-system-zlib --enable-libphobos-checking=release --with-target-system-zlib=auto --enable-objc-gc=auto --enable-multiarch --disable-werror --enable-cet --with-arch-32=i686 --with-abi=m64 --with-multilib-list=m32,m64,mx32 --enable-multilib --with-tune=generic --enable-offload-targets=nvptx-none=/build/gcc-11-XeT9lY/gcc-11-11.4.0/debian/tmp-nvptx/usr,amdgcn-amdhsa=/build/gcc-11-XeT9lY/gcc-11-11.4.0/debian/tmp-gcn/usr --without-cuda-driver --enable-checking=release --build=x86_64-linux-gnu --host=x86_64-linux-gnu --target=x86_64-linux-gnu --with-build-config=bootstrap-lto-lean --enable-link-serialization=2
Thread model: posix
Supported LTO compression algorithms: zlib zstd
gcc version 11.4.0 (Ubuntu 11.4.0-1ubuntu1~22.04) 
... rest of stderr output deleted ...
configure:3893: $? = 0
configure:3882: /usr/bin/cc -V >&5
cc: error: unrecognized command-line option '-V'
cc: fatal error: no input files
compilation terminated.
configure:3893: $? = 1
configure:3882: /usr/bin/cc -qversion >&5
cc: error: unrecognized command-line option '-qversion'; did you mean '--version'?
cc: fatal error: no input files
compilation terminated.
configure:3893: $? = 1
configure:3882: /usr/bin/cc -version >&5
cc: error: unrecognized command-line option '-version'
cc: fatal error: no input files
compilation terminated.
configure:3893: $? = 1
configure:3913: checking whether the C compiler works
configure:3935: /usr/bin/cc -std=c99 -W -Wall -O2 -march=native -DNDEBUG  -I/usr/include/x86_64-linux-gnu -I/cado-nfs  -Wl,-rpath,/usr/lib/x86_64-linux-gnu -L/usr/lib/x86_64-linux-gnu conftest.c  >&5
configure:3939: $? = 0
configure:3989: result: yes
configure:3992: checking for C compiler default output file name
configure:3994: result: a.out
configure:4000: checking for suffix of executables
configure:4007: /usr/bin/cc -o conftest -std=c99 -W -Wall -O2 -march=native -DNDEBUG  -I/usr/include/x86_64-linux-gnu -I/cado-nfs  -Wl,-rpath,/usr/lib/x86_64-linux-gnu -L/usr/lib/x86_64-linux-gnu conftest.c  >&5
configure:4011: $? = 0
configure:4034: result: 
configure:4056: checking whether we are cross compiling
configure:4064: /usr/bin/cc -o conftest -std=c99 -W -Wall -O2 -march=native -DNDEBUG  -I/usr/include/x86_64-linux-gnu -I/cado-nfs  -Wl,-rpath,/usr/lib/x86_64-linux-gnu -L/usr/lib/x86_64-linux-gnu conftest.c  >&5
configure:4068: $? = 0
configure:4075: ./conftest
configure:4079: $? = 0
configure:4094: result: no
configure:4099: checking for suffix of object files
configure:4122: /usr/bin/cc -c -std=c99 -W -Wall -O2 -march=native -DNDEBUG  -I/usr/include/x86_64-linux-gnu -I/cado-nfs  conftest.c >&5
configure:4126: $? = 0
configure:4148: result: o
configure:4152: checking whether the compiler supports GNU C
configure:4172: /usr/bin/cc -c -std=c99 -W -Wall -O2 -march=native -DNDEBUG  -I/usr/include/x86_64-linux-gnu -I/cado-nfs  conftest.c >&5
configure:4172: $? = 0
configure:4182: result: yes
configure:4193: checking whether /usr/bin/cc accepts -g
configure:4214: /usr/bin/cc -c -g  conftest.c >&5
configure:4214: $? = 0
configure:4258: result: yes
configure:4278: checking for /usr/bin/cc option to enable C11 features
configure:4293: /usr/bin/cc  -c -std=c99 -W -Wall -O2 -march=native -DNDEBUG  -I/usr/include/x86_64-linux-gnu -I/cado-nfs  conftest.c >&5
conftest.c:165:3: error: #error "Compiler does not advertise C11 conformance"
  165 | # error "Compiler does not advertise C11 conformance"
      |   ^~~~~
conftest.c:184:1: warning: '_Noreturn' is not at beginning of declaration [-Wold-style-declaration]
  184 | int _Noreturn does_not_return (void) { for (;;) continue; }
      | ^~~
conftest.c:196:12: error: 'syntax' undeclared here (not in a function)
  196 | #define u8 syntax error!
      |            ^~~~~~
conftest.c:197:29: note: in expansion of macro 'u8'
  197 | char const utf8_literal[] = u8"happens to be ASCII" "another string";
      |                             ^~
conftest.c:196:19: error: expected ',' or ';' before 'error'
  196 | #define u8 syntax error!
      |                   ^~~~~
conftest.c:197:29: note: in expansion of macro 'u8'
  197 | char const utf8_literal[] = u8"happens to be ASCII" "another string";
      |                             ^~
configure:4293: $? = 1
configure: failed program was:
| /* confdefs.h */
| #define PACKAGE_NAME "gf2x"
| #define PACKAGE_TARNAME "gf2x"
| #define PACKAGE_VERSION "1.3.1dev"
| #define PACKAGE_STRING "gf2x 1.3.1dev"
| #define PACKAGE_BUGREPORT ""
| #define PACKAGE_URL ""
| /* end confdefs.h.  */
| 
| /* Does the compiler advertise C89 conformance?
|    Do not test the value of __STDC__, because some compilers set it to 0
|    while being otherwise adequately conformant. */
| #if !defined __STDC__
| # error "Compiler does not advertise C89 conformance"
| #endif
| 
| #include <stddef.h>
| #include <stdarg.h>
| struct stat;
| /* Most of the following tests are stolen from RCS 5.7 src/conf.sh.  */
| struct buf { int x; };
| struct buf * (*rcsopen) (struct buf *, struct stat *, int);
| static char *e (p, i)
|      char **p;
|      int i;
| {
|   return p[i];
| }
| static char *f (char * (*g) (char **, int), char **p, ...)
| {
|   char *s;
|   va_list v;
|   va_start (v,p);
|   s = g (p, va_arg (v,int));
|   va_end (v);
|   return s;
| }
| 
| /* OSF 4.0 Compaq cc is some sort of almost-ANSI by default.  It has
|    function prototypes and stuff, but not \xHH hex character constants.
|    These do not provoke an error unfortunately, instead are silently treated
|    as an "x".  The following induces an error, until -std is added to get
|    proper ANSI mode.  Curiously \x00 != x always comes out true, for an
|    array size at least.  It is necessary to write \x00 == 0 to get something
|    that is true only with -std.  */
| int osf4_cc_array ['\x00' == 0 ? 1 : -1];
| 
| /* IBM C 6 for AIX is almost-ANSI by default, but it replaces macro parameters
|    inside strings and character constants.  */
| #define FOO(x) 'x'
| int xlc6_cc_array[FOO(a) == 'x' ? 1 : -1];
| 
| int test (int i, double x);
| struct s1 {int (*f) (int a);};
| struct s2 {int (*f) (double a);};
| int pairnames (int, char **, int *(*)(struct buf *, struct stat *, int),
|                int, int);
| 
| // Does the compiler advertise C99 conformance?
| #if !defined __STDC_VERSION__ || __STDC_VERSION__ < 199901L
| # error "Compiler does not advertise C99 conformance"
| #endif
| 
| #include <stdbool.h>
| extern int puts (const char *);
| extern int printf (const char *, ...);
| extern int dprintf (int, const char *, ...);
| extern void *malloc (size_t);
| 
| // Check varargs macros.  These examples are taken from C99 6.10.3.5.
| // dprintf is used instead of fprintf to avoid needing to declare
| // FILE and stderr.
| #define debug(...) dprintf (2, __VA_ARGS__)
| #define showlist(...) puts (#__VA_ARGS__)
| #define report(test,...) ((test) ? puts (#test) : printf (__VA_ARGS__))
| static void
| test_varargs_macros (void)
| {
|   int x = 1234;
|   int y = 5678;
|   debug ("Flag");
|   debug ("X = %d\n", x);
|   showlist (The first, second, and third items.);
|   report (x>y, "x is %d but y is %d", x, y);
| }
| 
| // Check long long types.
| #define BIG64 18446744073709551615ull
| #define BIG32 4294967295ul
| #define BIG_OK (BIG64 / BIG32 == 4294967297ull && BIG64 % BIG32 == 0)
| #if !BIG_OK
|   #error "your preprocessor is broken"
| #endif
| #if BIG_OK
| #else
|   #error "your preprocessor is broken"
| #endif
| static long long int bignum = -9223372036854775807LL;
| static unsigned long long int ubignum = BIG64;
| 
| struct incomplete_array
| {
|   int datasize;
|   double data[];
| };
| 
| struct named_init {
|   int number;
|   const wchar_t *name;
|   double average;
| };
| 
| typedef const char *ccp;
| 
| static inline int
| test_restrict (ccp restrict text)
| {
|   // See if C++-style comments work.
|   // Iterate through items via the restricted pointer.
|   // Also check for declarations in for loops.
|   for (unsigned int i = 0; *(text+i) != '\0'; ++i)
|     continue;
|   return 0;
| }
| 
| // Check varargs and va_copy.
| static bool
| test_varargs (const char *format, ...)
| {
|   va_list args;
|   va_start (args, format);
|   va_list args_copy;
|   va_copy (args_copy, args);
| 
|   const char *str = "";
|   int number = 0;
|   float fnumber = 0;
| 
|   while (*format)
|     {
|       switch (*format++)
| 	{
| 	case 's': // string
| 	  str = va_arg (args_copy, const char *);
| 	  break;
| 	case 'd': // int
| 	  number = va_arg (args_copy, int);
| 	  break;
| 	case 'f': // float
| 	  fnumber = va_arg (args_copy, double);
| 	  break;
| 	default:
| 	  break;
| 	}
|     }
|   va_end (args_copy);
|   va_end (args);
| 
|   return *str && number && fnumber;
| }
| 
| 
| // Does the compiler advertise C11 conformance?
| #if !defined __STDC_VERSION__ || __STDC_VERSION__ < 201112L
| # error "Compiler does not advertise C11 conformance"
| #endif
| 
| // Check _Alignas.
| char _Alignas (double) aligned_as_double;
| char _Alignas (0) no_special_alignment;
| extern char aligned_as_int;
| char _Alignas (0) _Alignas (int) aligned_as_int;
| 
| // Check _Alignof.
| enum
| {
|   int_alignment = _Alignof (int),
|   int_array_alignment = _Alignof (int[100]),
|   char_alignment = _Alignof (char)
| };
| _Static_assert (0 < -_Alignof (int), "_Alignof is signed");
| 
| // Check _Noreturn.
| int _Noreturn does_not_return (void) { for (;;) continue; }
| 
| // Check _Static_assert.
| struct test_static_assert
| {
|   int x;
|   _Static_assert (sizeof (int) <= sizeof (long int),
|                   "_Static_assert does not work in struct");
|   long int y;
| };
| 
| // Check UTF-8 literals.
| #define u8 syntax error!
| char const utf8_literal[] = u8"happens to be ASCII" "another string";
| 
| // Check duplicate typedefs.
| typedef long *long_ptr;
| typedef long int *long_ptr;
| typedef long_ptr long_ptr;
| 
| // Anonymous structures and unions -- taken from C11 6.7.2.1 Example 1.
| struct anonymous
| {
|   union {
|     struct { int i; int j; };
|     struct { int k; long int l; } w;
|   };
|   int m;
| } v1;
| 
| 
| int
| main (int argc, char **argv)
| {
|   int ok = 0;
|   
| ok |= (argc == 0 || f (e, argv, 0) != argv[0] || f (e, argv, 1) != argv[1]);
| 
|   
|   // Check bool.
|   _Bool success = false;
|   success |= (argc != 0);
| 
|   // Check restrict.
|   if (test_restrict ("String literal") == 0)
|     success = true;
|   char *restrict newvar = "Another string";
| 
|   // Check varargs.
|   success &= test_varargs ("s, d' f .", "string", 65, 34.234);
|   test_varargs_macros ();
| 
|   // Check flexible array members.
|   struct incomplete_array *ia =
|     malloc (sizeof (struct incomplete_array) + (sizeof (double) * 10));
|   ia->datasize = 10;
|   for (int i = 0; i < ia->datasize; ++i)
|     ia->data[i] = i * 1.234;
| 
|   // Check named initializers.
|   struct named_init ni = {
|     .number = 34,
|     .name = L"Test wide string",
|     .average = 543.34343,
|   };
| 
|   ni.number = 58;
| 
|   int dynamic_array[ni.number];
|   dynamic_array[0] = argv[0][0];
|   dynamic_array[ni.number - 1] = 543;
| 
|   // work around unused variable warnings
|   ok |= (!success || bignum == 0LL || ubignum == 0uLL || newvar[0] == 'x'
| 	 || dynamic_array[ni.number - 1] != 543);
| 
|   
|   _Static_assert ((offsetof (struct anonymous, i)
| 		   == offsetof (struct anonymous, w.k)),
| 		  "Anonymous union alignment botch");
|   v1.i = 2;
|   v1.w.k = 5;
|   ok |= v1.i != 5;
| 
|   return ok;
| }
| 
configure:4293: /usr/bin/cc -std=gnu11 -c -std=c99 -W -Wall -O2 -march=native -DNDEBUG  -I/usr/include/x86_64-linux-gnu -I/cado-nfs  conftest.c >&5
conftest.c:165:3: error: #error "Compiler does not advertise C11 conformance"
  165 | # error "Compiler does not advertise C11 conformance"
      |   ^~~~~
conftest.c:184:1: warning: '_Noreturn' is not at beginning of declaration [-Wold-style-declaration]
  184 | int _Noreturn does_not_return (void) { for (;;) continue; }
      | ^~~
conftest.c:196:12: error: 'syntax' undeclared here (not in a function)
  196 | #define u8 syntax error!
      |            ^~~~~~
conftest.c:197:29: note: in expansion of macro 'u8'
  197 | char const utf8_literal[] = u8"happens to be ASCII" "another string";
      |                             ^~
conftest.c:196:19: error: expected ',' or ';' before 'error'
  196 | #define u8 syntax error!
      |                   ^~~~~
conftest.c:197:29: note: in expansion of macro 'u8'
  197 | char const utf8_literal[] = u8"happens to be ASCII" "another string";
      |                             ^~
configure:4293: $? = 1
configure: failed program was:
| /* confdefs.h */
| #define PACKAGE_NAME "gf2x"
| #define PACKAGE_TARNAME "gf2x"
| #define PACKAGE_VERSION "1.3.1dev"
| #define PACKAGE_STRING "gf2x 1.3.1dev"
| #define PACKAGE_BUGREPORT ""
| #define PACKAGE_URL ""
| /* end confdefs.h.  */
| 
| /* Does the compiler advertise C89 conformance?
|    Do not test the value of __STDC__, because some compilers set it to 0
|    while being otherwise adequately conformant. */
| #if !defined __STDC__
| # error "Compiler does not advertise C89 conformance"
| #endif
| 
| #include <stddef.h>
| #include <stdarg.h>
| struct stat;
| /* Most of the following tests are stolen from RCS 5.7 src/conf.sh.  */
| struct buf { int x; };
| struct buf * (*rcsopen) (struct buf *, struct stat *, int);
| static char *e (p, i)
|      char **p;
|      int i;
| {
|   return p[i];
| }
| static char *f (char * (*g) (char **, int), char **p, ...)
| {
|   char *s;
|   va_list v;
|   va_start (v,p);
|   s = g (p, va_arg (v,int));
|   va_end (v);
|   return s;
| }
| 
| /* OSF 4.0 Compaq cc is some sort of almost-ANSI by default.  It has
|    function prototypes and stuff, but not \xHH hex character constants.
|    These do not provoke an error unfortunately, instead are silently treated
|    as an "x".  The following induces an error, until -std is added to get
|    proper ANSI mode.  Curiously \x00 != x always comes out true, for an
|    array size at least.  It is necessary to write \x00 == 0 to get something
|    that is true only with -std.  */
| int osf4_cc_array ['\x00' == 0 ? 1 : -1];
| 
| /* IBM C 6 for AIX is almost-ANSI by default, but it replaces macro parameters
|    inside strings and character constants.  */
| #define FOO(x) 'x'
| int xlc6_cc_array[FOO(a) == 'x' ? 1 : -1];
| 
| int test (int i, double x);
| struct s1 {int (*f) (int a);};
| struct s2 {int (*f) (double a);};
| int pairnames (int, char **, int *(*)(struct buf *, struct stat *, int),
|                int, int);
| 
| // Does the compiler advertise C99 conformance?
| #if !defined __STDC_VERSION__ || __STDC_VERSION__ < 199901L
| # error "Compiler does not advertise C99 conformance"
| #endif
| 
| #include <stdbool.h>
| extern int puts (const char *);
| extern int printf (const char *, ...);
| extern int dprintf (int, const char *, ...);
| extern void *malloc (size_t);
| 
| // Check varargs macros.  These examples are taken from C99 6.10.3.5.
| // dprintf is used instead of fprintf to avoid needing to declare
| // FILE and stderr.
| #define debug(...) dprintf (2, __VA_ARGS__)
| #define showlist(...) puts (#__VA_ARGS__)
| #define report(test,...) ((test) ? puts (#test) : printf (__VA_ARGS__))
| static void
| test_varargs_macros (void)
| {
|   int x = 1234;
|   int y = 5678;
|   debug ("Flag");
|   debug ("X = %d\n", x);
|   showlist (The first, second, and third items.);
|   report (x>y, "x is %d but y is %d", x, y);
| }
| 
| // Check long long types.
| #define BIG64 18446744073709551615ull
| #define BIG32 4294967295ul
| #define BIG_OK (BIG64 / BIG32 == 4294967297ull && BIG64 % BIG32 == 0)
| #if !BIG_OK
|   #error "your preprocessor is broken"
| #endif
| #if BIG_OK
| #else
|   #error "your preprocessor is broken"
| #endif
| static long long int bignum = -9223372036854775807LL;
| static unsigned long long int ubignum = BIG64;
| 
| struct incomplete_array
| {
|   int datasize;
|   double data[];
| };
| 
| struct named_init {
|   int number;
|   const wchar_t *name;
|   double average;
| };
| 
| typedef const char *ccp;
| 
| static inline int
| test_restrict (ccp restrict text)
| {
|   // See if C++-style comments work.
|   // Iterate through items via the restricted pointer.
|   // Also check for declarations in for loops.
|   for (unsigned int i = 0; *(text+i) != '\0'; ++i)
|     continue;
|   return 0;
| }
| 
| // Check varargs and va_copy.
| static bool
| test_varargs (const char *format, ...)
| {
|   va_list args;
|   va_start (args, format);
|   va_list args_copy;
|   va_copy (args_copy, args);
| 
|   const char *str = "";
|   int number = 0;
|   float fnumber = 0;
| 
|   while (*format)
|     {
|       switch (*format++)
| 	{
| 	case 's': // string
| 	  str = va_arg (args_copy, const char *);
| 	  break;
| 	case 'd': // int
| 	  number = va_arg (args_copy, int);
| 	  break;
| 	case 'f': // float
| 	  fnumber = va_arg (args_copy, double);
| 	  break;
| 	default:
| 	  break;
| 	}
|     }
|   va_end (args_copy);
|   va_end (args);
| 
|   return *str && number && fnumber;
| }
| 
| 
| // Does the compiler advertise C11 conformance?
| #if !defined __STDC_VERSION__ || __STDC_VERSION__ < 201112L
| # error "Compiler does not advertise C11 conformance"
| #endif
| 
| // Check _Alignas.
| char _Alignas (double) aligned_as_double;
| char _Alignas (0) no_special_alignment;
| extern char aligned_as_int;
| char _Alignas (0) _Alignas (int) aligned_as_int;
| 
| // Check _Alignof.
| enum
| {
|   int_alignment = _Alignof (int),
|   int_array_alignment = _Alignof (int[100]),
|   char_alignment = _Alignof (char)
| };
| _Static_assert (0 < -_Alignof (int), "_Alignof is signed");
| 
| // Check _Noreturn.
| int _Noreturn does_not_return (void) { for (;;) continue; }
| 
| // Check _Static_assert.
| struct test_static_assert
| {
|   int x;
|   _Static_assert (sizeof (int) <= sizeof (long int),
|                   "_Static_assert does not work in struct");
|   long int y;
| };
| 
| // Check UTF-8 literals.
| #define u8 syntax error!
| char const utf8_literal[] = u8"happens to be ASCII" "another string";
| 
| // Check duplicate typedefs.
| typedef long *long_ptr;
| typedef long int *long_ptr;
| typedef long_ptr long_ptr;
| 
| // Anonymous structures and unions -- taken from C11 6.7.2.1 Example 1.
| struct anonymous
| {
|   union {
|     struct { int i; int j; };
|     struct { int k; long int l; } w;
|   };
|   int m;
| } v1;
| 
| 
| int
| main (int argc, char **argv)
| {
|   int ok = 0;
|   
| ok |= (argc == 0 || f (e, argv, 0) != argv[0] || f (e, argv, 1) != argv[1]);
| 
|   
|   // Check bool.
|   _Bool success = false;
|   success |= (argc != 0);
| 
|   // Check restrict.
|   if (test_restrict ("String literal") == 0)
|     success = true;
|   char *restrict newvar = "Another string";
| 
|   // Check varargs.
|   success &= test_varargs ("s, d' f .", "string", 65, 34.234);
|   test_varargs_macros ();
| 
|   // Check flexible array members.
|   struct incomplete_array *ia =
|     malloc (sizeof (struct incomplete_array) + (sizeof (double) * 10));
|   ia->datasize = 10;
|   for (int i = 0; i < ia->datasize; ++i)
|     ia->data[i] = i * 1.234;
| 
|   // Check named initializers.
|   struct named_init ni = {
|     .number = 34,
|     .name = L"Test wide string",
|     .average = 543.34343,
|   };
| 
|   ni.number = 58;
| 
|   int dynamic_array[ni.number];
|   dynamic_array[0] = argv[0][0];
|   dynamic_array[ni.number - 1] = 543;
| 
|   // work around unused variable warnings
|   ok |= (!success || bignum == 0LL || ubignum == 0uLL || newvar[0] == 'x'
| 	 || dynamic_array[ni.number - 1] != 543);
| 
|   
|   _Static_assert ((offsetof (struct anonymous, i)
| 		   == offsetof (struct anonymous, w.k)),
| 		  "Anonymous union alignment botch");
|   v1.i = 2;
|   v1.w.k = 5;
|   ok |= v1.i != 5;
| 
|   return ok;
| }
| 
configure:4306: result: unsupported
configure:4324: checking for /usr/bin/cc option to enable C99 features
configure:4339: /usr/bin/cc  -c -std=c99 -W -Wall -O2 -march=native -DNDEBUG  -I/usr/include/x86_64-linux-gnu -I/cado-nfs  conftest.c >&5
configure:4339: $? = 0
configure:4357: result: none needed
configure:4427: checking whether /usr/bin/cc understands -c and -o together
configure:4450: /usr/bin/cc -c conftest.c -o conftest2.o
configure:4453: $? = 0
configure:4450: /usr/bin/cc -c conftest.c -o conftest2.o
configure:4453: $? = 0
configure:4465: result: yes
configure:4483: checking for C compiler vendor
configure:4541: /usr/bin/cc -c -std=c99 -W -Wall -O2 -march=native -DNDEBUG  -I/usr/include/x86_64-linux-gnu -I/cado-nfs  conftest.c >&5
conftest.c: In function 'main':
conftest.c:15:7: error: 'thisisanerror' undeclared (first use in this function)
   15 |       thisisanerror;
      |       ^~~~~~~~~~~~~
conftest.c:15:7: note: each undeclared identifier is reported only once for each function it appears in
configure:4541: $? = 1
configure: failed program was:
| /* confdefs.h */
| #define PACKAGE_NAME "gf2x"
| #define PACKAGE_TARNAME "gf2x"
| #define PACKAGE_VERSION "1.3.1dev"
| #define PACKAGE_STRING "gf2x 1.3.1dev"
| #define PACKAGE_BUGREPORT ""
| #define PACKAGE_URL ""
| /* end confdefs.h.  */
| 
| int
| main (void)
| {
| 
| #if !(defined(__ICC) || defined(__ECC) || defined(__INTEL_COMPILER))
|       thisisanerror;
| #endif
| 
|   ;
|   return 0;
| }
configure:4541: /usr/bin/cc -c -std=c99 -W -Wall -O2 -march=native -DNDEBUG  -I/usr/include/x86_64-linux-gnu -I/cado-nfs  conftest.c >&5
conftest.c: In function 'main':
conftest.c:15:7: error: 'thisisanerror' undeclared (first use in this function)
   15 |       thisisanerror;
      |       ^~~~~~~~~~~~~
conftest.c:15:7: note: each undeclared identifier is reported only once for each function it appears in
configure:4541: $? = 1
configure: failed program was:
| /* confdefs.h */
| #define PACKAGE_NAME "gf2x"
| #define PACKAGE_TARNAME "gf2x"
| #define PACKAGE_VERSION "1.3.1dev"
| #define PACKAGE_STRING "gf2x 1.3.1dev"
| #define PACKAGE_BUGREPORT ""
| #define PACKAGE_URL ""
| /* end confdefs.h.  */
| 
| int
| main (void)
| {
| 
| #if !(defined(__xlc__) || defined(__xlC__) || defined(__IBMC__) || defined(__IBMCPP__) || defined(__ibmxl__))
|       thisisanerror;
| #endif
| 
|   ;
|   return 0;
| }
configure:4541: /usr/bin/cc -c -std=c99 -W -Wall -O2 -march=native -DNDEBUG  -I/usr/include/x86_64-linux-gnu -I/cado-nfs  conftest.c >&5
conftest.c: In function 'main':
conftest.c:15:7: error: 'thisisanerror' undeclared (first use in this function)
   15 |       thisisanerror;
      |       ^~~~~~~~~~~~~
conftest.c:15:7: note: each undeclared identifier is reported only once for each function it appears in
configure:4541: $? = 1
configure: failed program was:
| /* confdefs.h */
| #define PACKAGE_NAME "gf2x"
| #define PACKAGE_TARNAME "gf2x"
| #define PACKAGE_VERSION "1.3.1dev"
| #define PACKAGE_STRING "gf2x 1.3.1dev"
| #define PACKAGE_BUGREPORT ""
| #define PACKAGE_URL ""
| /* end confdefs.h.  */
| 
| int
| main (void)
| {
| 
| #if !(defined(__PATHCC__) || defined(__PATHSCALE__))
|       thisisanerror;
| #endif
| 
|   ;
|   return 0;
| }
configure:4541: /usr/bin/cc -c -std=c99 -W -Wall -O2 -march=native -DNDEBUG  -I/usr/include/x86_64-linux-gnu -I/cado-nfs  conftest.c >&5
conftest.c: In function 'main':
conftest.c:15:7: error: 'thisisanerror' undeclared (first use in this function)
   15 |       thisisanerror;
      |       ^~~~~~~~~~~~~
conftest.c:15:7: note: each undeclared identifier is reported only once for each function it appears in
configure:4541: $? = 1
configure: failed program was:
| /* confdefs.h */
| #define PACKAGE_NAME "gf2x"
| #define PACKAGE_TARNAME "gf2x"
| #define PACKAGE_VERSION "1.3.1dev"
| #define PACKAGE_STRING "gf2x 1.3.1dev"
| #define PACKAGE_BUGREPORT ""
| #define PACKAGE_URL ""
| /* end confdefs.h.  */
| 
| int
| main (void)
| {
| 
| #if !(defined(__clang__))
|       thisisanerror;
| #endif
| 
|   ;
|   return 0;
| }
configure:4541: /usr/bin/cc -c -std=c99 -W -Wall -O2 -march=native -DNDEBUG  -I/usr/include/x86_64-linux-gnu -I/cado-nfs  conftest.c >&5
conftest.c: In function 'main':
conftest.c:15:7: error: 'thisisanerror' undeclared (first use in this function)
   15 |       thisisanerror;
      |       ^~~~~~~~~~~~~
conftest.c:15:7: note: each undeclared identifier is reported only once for each function it appears in
configure:4541: $? = 1
configure: failed program was:
| /* confdefs.h */
| #define PACKAGE_NAME "gf2x"
| #define PACKAGE_TARNAME "gf2x"
| #define PACKAGE_VERSION "1.3.1dev"
| #define PACKAGE_STRING "gf2x 1.3.1dev"
| #define PACKAGE_BUGREPORT ""
| #define PACKAGE_URL ""
| /* end confdefs.h.  */
| 
| int
| main (void)
| {
| 
| #if !(defined(_CRAYC))
|       thisisanerror;
| #endif
| 
|   ;
|   return 0;
| }
configure:4541: /usr/bin/cc -c -std=c99 -W -Wall -O2 -march=native -DNDEBUG  -I/usr/include/x86_64-linux-gnu -I/cado-nfs  conftest.c >&5
conftest.c: In function 'main':
conftest.c:15:7: error: 'thisisanerror' undeclared (first use in this function)
   15 |       thisisanerror;
      |       ^~~~~~~~~~~~~
conftest.c:15:7: note: each undeclared identifier is reported only once for each function it appears in
configure:4541: $? = 1
configure: failed program was:
| /* confdefs.h */
| #define PACKAGE_NAME "gf2x"
| #define PACKAGE_TARNAME "gf2x"
| #define PACKAGE_VERSION "1.3.1dev"
| #define PACKAGE_STRING "gf2x 1.3.1dev"
| #define PACKAGE_BUGREPORT ""
| #define PACKAGE_URL ""
| /* end confdefs.h.  */
| 
| int
| main (void)
| {
| 
| #if !(defined(__FUJITSU))
|       thisisanerror;
| #endif
| 
|   ;
|   return 0;
| }
configure:4541: /usr/bin/cc -c -std=c99 -W -Wall -O2 -march=native -DNDEBUG  -I/usr/include/x86_64-linux-gnu -I/cado-nfs  conftest.c >&5
conftest.c: In function 'main':
conftest.c:15:7: error: 'thisisanerror' undeclared (first use in this function)
   15 |       thisisanerror;
      |       ^~~~~~~~~~~~~
conftest.c:15:7: note: each undeclared identifier is reported only once for each function it appears in
configure:4541: $? = 1
configure: failed program was:
| /* confdefs.h */
| #define PACKAGE_NAME "gf2x"
| #define PACKAGE_TARNAME "gf2x"
| #define PACKAGE_VERSION "1.3.1dev"
| #define PACKAGE_STRING "gf2x 1.3.1dev"
| #define PACKAGE_BUGREPORT ""
| #define PACKAGE_URL ""
| /* end confdefs.h.  */
| 
| int
| main (void)
| {
| 
| #if !(defined(SDCC) || defined(__SDCC))
|       thisisanerror;
| #endif
| 
|   ;
|   return 0;
| }
configure:4541: /usr/bin/cc -c -std=c99 -W -Wall -O2 -march=native -DNDEBUG  -I/usr/include/x86_64-linux-gnu -I/cado-nfs  conftest.c >&5
conftest.c: In function 'main':
conftest.c:15:7: error: 'thisisanerror' undeclared (first use in this function)
   15 |       thisisanerror;
      |       ^~~~~~~~~~~~~
conftest.c:15:7: note: each undeclared identifier is reported only once for each function it appears in
configure:4541: $? = 1
configure: failed program was:
| /* confdefs.h */
| #define PACKAGE_NAME "gf2x"
| #define PACKAGE_TARNAME "gf2x"
| #define PACKAGE_VERSION "1.3.1dev"
| #define PACKAGE_STRING "gf2x 1.3.1dev"
| #define PACKAGE_BUGREPORT ""
| #define PACKAGE_URL ""
| /* end confdefs.h.  */
| 
| int
| main (void)
| {
| 
| #if !(defined(_SX))
|       thisisanerror;
| #endif
| 
|   ;
|   return 0;
| }
configure:4541: /usr/bin/cc -c -std=c99 -W -Wall -O2 -march=native -DNDEBUG  -I/usr/include/x86_64-linux-gnu -I/cado-nfs  conftest.c >&5
conftest.c: In function 'main':
conftest.c:15:7: error: 'thisisanerror' undeclared (first use in this function)
   15 |       thisisanerror;
      |       ^~~~~~~~~~~~~
conftest.c:15:7: note: each undeclared identifier is reported only once for each function it appears in
configure:4541: $? = 1
configure: failed program was:
| /* confdefs.h */
| #define PACKAGE_NAME "gf2x"
| #define PACKAGE_TARNAME "gf2x"
| #define PACKAGE_VERSION "1.3.1dev"
| #define PACKAGE_STRING "gf2x 1.3.1dev"
| #define PACKAGE_BUGREPORT ""
| #define PACKAGE_URL ""
| /* end confdefs.h.  */
| 
| int
| main (void)
| {
| 
| #if !(defined(__PGI))
|       thisisanerror;
| #endif
| 
|   ;
|   return 0;
| }
configure:4541: /usr/bin/cc -c -std=c99 -W -Wall -O2 -march=native -DNDEBUG  -I/usr/include/x86_64-linux-gnu -I/cado-nfs  conftest.c >&5
configure:4541: $? = 0
configure:4551: result: gnu
configure:4554: checking for a sed that does not truncate output
configure:4624: result: /usr/bin/sed
configure:4631: checking for C compiler version
configure:4874: /usr/bin/cc -o conftest -std=c99 -W -Wall -O2 -march=native -DNDEBUG  -I/usr/include/x86_64-linux-gnu -I/cado-nfs  -Wl,-rpath,/usr/lib/x86_64-linux-gnu -L/usr/lib/x86_64-linux-gnu conftest.c  >&5
configure:4874: $? = 0
configure:4874: ./conftest
configure:4874: $? = 0
configure:4884: /usr/bin/cc -o conftest -std=c99 -W -Wall -O2 -march=native -DNDEBUG  -I/usr/include/x86_64-linux-gnu -I/cado-nfs  -Wl,-rpath,/usr/lib/x86_64-linux-gnu -L/usr/lib/x86_64-linux-gnu conftest.c  >&5
configure:4884: $? = 0
configure:4884: ./conftest
configure:4884: $? = 0
configure:4894: /usr/bin/cc -o conftest -std=c99 -W -Wall -O2 -march=native -DNDEBUG  -I/usr/include/x86_64-linux-gnu -I/cado-nfs  -Wl,-rpath,/usr/lib/x86_64-linux-gnu -L/usr/lib/x86_64-linux-gnu conftest.c  >&5
configure:4894: $? = 0
configure:4894: ./conftest
configure:4894: $? = 0
configure:5663: result: 11.4.0
configure:5671: checking for stdio.h
configure:5671: /usr/bin/cc -c -std=c99 -W -Wall -O2 -march=native -DNDEBUG  -I/usr/include/x86_64-linux-gnu -I/cado-nfs  conftest.c >&5
configure:5671: $? = 0
configure:5671: result: yes
configure:5671: checking for stdlib.h
configure:5671: /usr/bin/cc -c -std=c99 -W -Wall -O2 -march=native -DNDEBUG  -I/usr/include/x86_64-linux-gnu -I/cado-nfs  conftest.c >&5
configure:5671: $? = 0
configure:5671: result: yes
configure:5671: checking for string.h
configure:5671: /usr/bin/cc -c -std=c99 -W -Wall -O2 -march=native -DNDEBUG  -I/usr/include/x86_64-linux-gnu -I/cado-nfs  conftest.c >&5
configure:5671: $? = 0
configure:5671: result: yes
configure:5671: checking for inttypes.h
configure:5671: /usr/bin/cc -c -std=c99 -W -Wall -O2 -march=native -DNDEBUG  -I/usr/include/x86_64-linux-gnu -I/cado-nfs  conftest.c >&5
configure:5671: $? = 0
configure:5671: result: yes
configure:5671: checking for stdint.h
configure:5671: /usr/bin/cc -c -std=c99 -W -Wall -O2 -march=native -DNDEBUG  -I/usr/include/x86_64-linux-gnu -I/cado-nfs  conftest.c >&5
configure:5671: $? = 0
configure:5671: result: yes
configure:5671: checking for strings.h
configure:5671: /usr/bin/cc -c -std=c99 -W -Wall -O2 -march=native -DNDEBUG  -I/usr/include/x86_64-linux-gnu -I/cado-nfs  conftest.c >&5
configure:5671: $? = 0
configure:5671: result: yes
configure:5671: checking for sys/stat.h
configure:5671: /usr/bin/cc -c -std=c99 -W -Wall -O2 -march=native -DNDEBUG  -I/usr/include/x86_64-linux-gnu -I/cado-nfs  conftest.c >&5
configure:5671: $? = 0
configure:5671: result: yes
configure:5671: checking for sys/types.h
configure:5671: /usr/bin/cc -c -std=c99 -W -Wall -O2 -march=native -DNDEBUG  -I/usr/include/x86_64-linux-gnu -I/cado-nfs  conftest.c >&5
configure:5671: $? = 0
configure:5671: result: yes
configure:5671: checking for unistd.h
configure:5671: /usr/bin/cc -c -std=c99 -W -Wall -O2 -march=native -DNDEBUG  -I/usr/include/x86_64-linux-gnu -I/cado-nfs  conftest.c >&5
configure:5671: $? = 0
configure:5671: result: yes
configure:5696: checking for size_t
configure:5696: /usr/bin/cc -c -std=c99 -W -Wall -O2 -march=native -DNDEBUG  -I/usr/include/x86_64-linux-gnu -I/cado-nfs  conftest.c >&5
configure:5696: $? = 0
configure:5696: /usr/bin/cc -c -std=c99 -W -Wall -O2 -march=native -DNDEBUG  -I/usr/include/x86_64-linux-gnu -I/cado-nfs  conftest.c >&5
conftest.c: In function 'main':
conftest.c:50:21: error: expected expression before ')' token
   50 | if (sizeof ((size_t)))
      |                     ^
configure:5696: $? = 1
configure: failed program was:
| /* confdefs.h */
| #define PACKAGE_NAME "gf2x"
| #define PACKAGE_TARNAME "gf2x"
| #define PACKAGE_VERSION "1.3.1dev"
| #define PACKAGE_STRING "gf2x 1.3.1dev"
| #define PACKAGE_BUGREPORT ""
| #define PACKAGE_URL ""
| #define HAVE_STDIO_H 1
| #define HAVE_STDLIB_H 1
| #define HAVE_STRING_H 1
| #define HAVE_INTTYPES_H 1
| #define HAVE_STDINT_H 1
| #define HAVE_STRINGS_H 1
| #define HAVE_SYS_STAT_H 1
| #define HAVE_SYS_TYPES_H 1
| #define HAVE_UNISTD_H 1
| #define STDC_HEADERS 1
| /* end confdefs.h.  */
| #include <stddef.h>
| #ifdef HAVE_STDIO_H
| # include <stdio.h>
| #endif
| #ifdef HAVE_STDLIB_H
| # include <stdlib.h>
| #endif
| #ifdef HAVE_STRING_H
| # include <string.h>
| #endif
| #ifdef HAVE_INTTYPES_H
| # include <inttypes.h>
| #endif
| #ifdef HAVE_STDINT_H
| # include <stdint.h>
| #endif
| #ifdef HAVE_STRINGS_H
| # include <strings.h>
| #endif
| #ifdef HAVE_SYS_TYPES_H
| # include <sys/types.h>
| #endif
| #ifdef HAVE_SYS_STAT_H
| # include <sys/stat.h>
| #endif
| #ifdef HAVE_UNISTD_H
| # include <unistd.h>
| #endif
| int
| main (void)
| {
| if (sizeof ((size_t)))
| 	    return 0;
|   ;
|   return 0;
| }
configure:5696: result: yes
configure:5708: checking for working alloca.h
configure:5726: /usr/bin/cc -o conftest -std=c99 -W -Wall -O2 -march=native -DNDEBUG  -I/usr/include/x86_64-linux-gnu -I/cado-nfs  -Wl,-rpath,/usr/lib/x86_64-linux-gnu -L/usr/lib/x86_64-linux-gnu conftest.c  >&5
configure:5726: $? = 0
configure:5735: result: yes
configure:5743: checking for alloca
configure:5788: result: yes
configure:5885: checking for a BSD-compatible install
configure:5958: result: /usr/bin/install -c
configure:5969: checking whether build environment is sane
configure:6024: result: yes
configure:6179: checking for a race-free mkdir -p
configure:6223: result: /usr/bin/mkdir -p
configure:6230: checking for gawk
configure:6265: result: no
configure:6230: checking for mawk
configure:6251: found /usr/bin/mawk
configure:6262: result: mawk
configure:6273: checking whether make sets $(MAKE)
configure:6296: result: yes
configure:6318: checking whether make supports the include directive
configure:6333: make -f confmf.GNU && cat confinc.out
make[3]: Entering directory '/cado-nfs/build/buildkitsandbox/gf2x'
make[3]: Leaving directory '/cado-nfs/build/buildkitsandbox/gf2x'
this is the am__doit target
configure:6336: $? = 0
configure:6355: result: yes (GNU style)
configure:6390: checking whether make supports nested variables
configure:6408: result: yes
configure:6489: checking dependency style of /usr/bin/cc
configure:6601: result: none
configure:6676: checking whether to enable maintainer-specific portions of Makefiles
configure:6686: result: no
configure:6747: checking how to print strings
configure:6774: result: printf
configure:6795: checking for a sed that does not truncate output
configure:6865: result: /usr/bin/sed
configure:6883: checking for grep that handles long lines and -e
configure:6947: result: /usr/bin/grep
configure:6952: checking for egrep
configure:7020: result: /usr/bin/grep -E
configure:7025: checking for fgrep
configure:7093: result: /usr/bin/grep -F
configure:7129: checking for ld used by /usr/bin/cc
configure:7197: result: /usr/bin/ld
configure:7204: checking if the linker (/usr/bin/ld) is GNU ld
configure:7220: result: yes
configure:7232: checking for BSD- or MS-compatible name lister (nm)
configure:7287: result: /usr/bin/nm -B
configure:7427: checking the name lister (/usr/bin/nm -B) interface
configure:7435: /usr/bin/cc -c -std=c99 -W -Wall -O2 -march=native -DNDEBUG  -I/usr/include/x86_64-linux-gnu -I/cado-nfs  conftest.c >&5
configure:7438: /usr/bin/nm -B "conftest.o"
configure:7441: output
0000000000000000 B some_variable
configure:7448: result: BSD nm
configure:7451: checking whether ln -s works
configure:7455: result: yes
configure:7463: checking the maximum length of command line arguments
configure:7595: result: 1572864
configure:7643: checking how to convert x86_64-unknown-linux-gnu file names to x86_64-unknown-linux-gnu format
configure:7684: result: func_convert_file_noop
configure:7691: checking how to convert x86_64-unknown-linux-gnu file names to toolchain format
configure:7712: result: func_convert_file_noop
configure:7719: checking for /usr/bin/ld option to reload object files
configure:7727: result: -r
configure:7806: checking for file
configure:7841: result: no
configure:7914: checking for objdump
configure:7935: found /usr/bin/objdump
configure:7946: result: objdump
configure:7978: checking how to recognize dependent libraries
configure:8179: result: pass_all
configure:8269: checking for dlltool
configure:8304: result: no
configure:8334: checking how to associate runtime and link libraries
configure:8362: result: printf %s\n
configure:8427: checking for ar
configure:8448: found /usr/bin/ar
configure:8459: result: ar
configure:8512: checking for archiver @FILE support
configure:8530: /usr/bin/cc -c -std=c99 -W -Wall -O2 -march=native -DNDEBUG  -I/usr/include/x86_64-linux-gnu -I/cado-nfs  conftest.c >&5
configure:8530: $? = 0
configure:8534: ar cr libconftest.a @conftest.lst >&5
configure:8537: $? = 0
configure:8542: ar cr libconftest.a @conftest.lst >&5
ar: conftest.o: No such file or directory
configure:8545: $? = 1
configure:8557: result: @
configure:8620: checking for strip
configure:8641: found /usr/bin/strip
configure:8652: result: strip
configure:8729: checking for ranlib
configure:8750: found /usr/bin/ranlib
configure:8761: result: ranlib
configure:8863: checking command to parse /usr/bin/nm -B output from /usr/bin/cc object
configure:9017: /usr/bin/cc -c -std=c99 -W -Wall -O2 -march=native -DNDEBUG  -I/usr/include/x86_64-linux-gnu -I/cado-nfs  conftest.c >&5
configure:9020: $? = 0
configure:9024: /usr/bin/nm -B conftest.o | /usr/bin/sed -n -e 's/^.*[	 ]\([ABCDGIRSTW][ABCDGIRSTW]*\)[	 ][	 ]*\([_A-Za-z][_A-Za-z0-9]*\)$/\1 \2 \2/p' | /usr/bin/sed '/ __gnu_lto/d' > conftest.nm
configure:9090: /usr/bin/cc -o conftest -std=c99 -W -Wall -O2 -march=native -DNDEBUG  -I/usr/include/x86_64-linux-gnu -I/cado-nfs  -Wl,-rpath,/usr/lib/x86_64-linux-gnu -L/usr/lib/x86_64-linux-gnu conftest.c conftstm.o >&5
configure:9093: $? = 0
configure:9131: result: ok
configure:9178: checking for sysroot
configure:9209: result: no
configure:9216: checking for a working dd
configure:9260: result: /usr/bin/dd
configure:9264: checking how to truncate binary pipes
configure:9280: result: /usr/bin/dd bs=4096 count=1
configure:9417: /usr/bin/cc -c -std=c99 -W -Wall -O2 -march=native -DNDEBUG  -I/usr/include/x86_64-linux-gnu -I/cado-nfs  conftest.c >&5
configure:9420: $? = 0
configure:9617: checking for mt
configure:9652: result: no
configure:9672: checking if : is a manifest tool
configure:9679: : '-?'
configure:9687: result: no
configure:10408: checking for dlfcn.h
configure:10408: /usr/bin/cc -c -std=c99 -W -Wall -O2 -march=native -DNDEBUG  -I/usr/include/x86_64-linux-gnu -I/cado-nfs  conftest.c >&5
configure:10408: $? = 0
configure:10408: result: yes
configure:10667: checking for objdir
configure:10683: result: .libs
configure:10947: checking if /usr/bin/cc supports -fno-rtti -fno-exceptions
configure:10966: /usr/bin/cc -c -std=c99 -W -Wall -O2 -march=native -DNDEBUG  -I/usr/include/x86_64-linux-gnu -I/cado-nfs  -fno-rtti -fno-exceptions conftest.c >&5
cc1: warning: command-line option '-fno-rtti' is valid for C++/D/ObjC++ but not for C
configure:10970: $? = 0
configure:10983: result: no
configure:11347: checking for /usr/bin/cc option to produce PIC
configure:11355: result: -fPIC -DPIC
configure:11363: checking if /usr/bin/cc PIC flag -fPIC -DPIC works
configure:11382: /usr/bin/cc -c -std=c99 -W -Wall -O2 -march=native -DNDEBUG  -I/usr/include/x86_64-linux-gnu -I/cado-nfs  -fPIC -DPIC -DPIC conftest.c >&5
configure:11386: $? = 0
configure:11399: result: yes
configure:11428: checking if /usr/bin/cc static flag -static works
configure:11457: result: yes
configure:11472: checking if /usr/bin/cc supports -c -o file.o
configure:11494: /usr/bin/cc -c -std=c99 -W -Wall -O2 -march=native -DNDEBUG  -I/usr/include/x86_64-linux-gnu -I/cado-nfs  -o out/conftest2.o conftest.c >&5
configure:11498: $? = 0
configure:11520: result: yes
configure:11528: checking if /usr/bin/cc supports -c -o file.o
configure:11576: result: yes
configure:11609: checking whether the /usr/bin/cc linker (/usr/bin/ld) supports shared libraries
configure:12883: result: yes
configure:13124: checking dynamic linker characteristics
configure:13706: /usr/bin/cc -o conftest -std=c99 -W -Wall -O2 -march=native -DNDEBUG  -I/usr/include/x86_64-linux-gnu -I/cado-nfs  -Wl,-rpath,/usr/lib/x86_64-linux-gnu -L/usr/lib/x86_64-linux-gnu -Wl,-rpath -Wl,/foo conftest.c  >&5
configure:13706: $? = 0
configure:13957: result: GNU/Linux ld.so
configure:14079: checking how to hardcode library paths into programs
configure:14104: result: immediate
configure:14656: checking whether stripping libraries is possible
configure:14665: result: yes
configure:14707: checking if libtool supports shared libraries
configure:14709: result: yes
configure:14712: checking whether to build shared libraries
configure:14737: result: no
configure:14740: checking whether to build static libraries
configure:14744: result: yes
configure:14898: checking for gcc
configure:14930: result: /usr/bin/cc
configure:15283: checking for C compiler version
configure:15292: /usr/bin/cc --version >&5
cc (Ubuntu 11.4.0-1ubuntu1~22.04) 11.4.0
Copyright (C) 2021 Free Software Foundation, Inc.
This is free software; see the source for copying conditions.  There is NO
warranty; not even for MERCHANTABILITY or FITNESS FOR A PARTICULAR PURPOSE.

configure:15303: $? = 0
configure:15292: /usr/bin/cc -v >&5
Using built-in specs.
COLLECT_GCC=/usr/bin/cc
COLLECT_LTO_WRAPPER=/usr/lib/gcc/x86_64-linux-gnu/11/lto-wrapper
OFFLOAD_TARGET_NAMES=nvptx-none:amdgcn-amdhsa
OFFLOAD_TARGET_DEFAULT=1
Target: x86_64-linux-gnu
Configured with: ../src/configure -v --with-pkgversion='Ubuntu 11.4.0-1ubuntu1~22.04' --with-bugurl=file:///usr/share/doc/gcc-11/README.Bugs --enable-languages=c,ada,c++,go,brig,d,fortran,objc,obj-c++,m2 --prefix=/usr --with-gcc-major-version-only --program-suffix=-11 --program-prefix=x86_64-linux-gnu- --enable-shared --enable-linker-build-id --libexecdir=/usr/lib --without-included-gettext --enable-threads=posix --libdir=/usr/lib --enable-nls --enable-bootstrap --enable-clocale=gnu --enable-libstdcxx-debug --enable-libstdcxx-time=yes --with-default-libstdcxx-abi=new --enable-gnu-unique-object --disable-vtable-verify --enable-plugin --enable-default-pie --with-system-zlib --enable-libphobos-checking=release --with-target-system-zlib=auto --enable-objc-gc=auto --enable-multiarch --disable-werror --enable-cet --with-arch-32=i686 --with-abi=m64 --with-multilib-list=m32,m64,mx32 --enable-multilib --with-tune=generic --enable-offload-targets=nvptx-none=/build/gcc-11-XeT9lY/gcc-11-11.4.0/debian/tmp-nvptx/usr,amdgcn-amdhsa=/build/gcc-11-XeT9lY/gcc-11-11.4.0/debian/tmp-gcn/usr --without-cuda-driver --enable-checking=release --build=x86_64-linux-gnu --host=x86_64-linux-gnu --target=x86_64-linux-gnu --with-build-config=bootstrap-lto-lean --enable-link-serialization=2
Thread model: posix
Supported LTO compression algorithms: zlib zstd
gcc version 11.4.0 (Ubuntu 11.4.0-1ubuntu1~22.04) 
... rest of stderr output deleted ...
configure:15303: $? = 0
configure:15292: /usr/bin/cc -V >&5
cc: error: unrecognized command-line option '-V'
cc: fatal error: no input files
compilation terminated.
configure:15303: $? = 1
configure:15292: /usr/bin/cc -qversion >&5
cc: error: unrecognized command-line option '-qversion'; did you mean '--version'?
cc: fatal error: no input files
compilation terminated.
configure:15303: $? = 1
configure:15292: /usr/bin/cc -version >&5
cc: error: unrecognized command-line option '-version'
cc: fatal error: no input files
compilation terminated.
configure:15303: $? = 1
configure:15307: checking whether the compiler supports GNU C
configure:15337: result: yes
configure:15348: checking whether /usr/bin/cc accepts -g
configure:15413: result: yes
configure:15433: checking for /usr/bin/cc option to enable C11 features
configure:15461: result: unsupported
configure:15479: checking for /usr/bin/cc option to enable C99 features
configure:15512: result: none needed
configure:15582: checking whether /usr/bin/cc understands -c and -o together
configure:15620: result: yes
configure:15765: checking for C++ compiler version
configure:15774: /usr/bin/c++ --version >&5
c++ (Ubuntu 11.4.0-1ubuntu1~22.04) 11.4.0
Copyright (C) 2021 Free Software Foundation, Inc.
This is free software; see the source for copying conditions.  There is NO
warranty; not even for MERCHANTABILITY or FITNESS FOR A PARTICULAR PURPOSE.

configure:15785: $? = 0
configure:15774: /usr/bin/c++ -v >&5
Using built-in specs.
COLLECT_GCC=/usr/bin/c++
COLLECT_LTO_WRAPPER=/usr/lib/gcc/x86_64-linux-gnu/11/lto-wrapper
OFFLOAD_TARGET_NAMES=nvptx-none:amdgcn-amdhsa
OFFLOAD_TARGET_DEFAULT=1
Target: x86_64-linux-gnu
Configured with: ../src/configure -v --with-pkgversion='Ubuntu 11.4.0-1ubuntu1~22.04' --with-bugurl=file:///usr/share/doc/gcc-11/README.Bugs --enable-languages=c,ada,c++,go,brig,d,fortran,objc,obj-c++,m2 --prefix=/usr --with-gcc-major-version-only --program-suffix=-11 --program-prefix=x86_64-linux-gnu- --enable-shared --enable-linker-build-id --libexecdir=/usr/lib --without-included-gettext --enable-threads=posix --libdir=/usr/lib --enable-nls --enable-bootstrap --enable-clocale=gnu --enable-libstdcxx-debug --enable-libstdcxx-time=yes --with-default-libstdcxx-abi=new --enable-gnu-unique-object --disable-vtable-verify --enable-plugin --enable-default-pie --with-system-zlib --enable-libphobos-checking=release --with-target-system-zlib=auto --enable-objc-gc=auto --enable-multiarch --disable-werror --enable-cet --with-arch-32=i686 --with-abi=m64 --with-multilib-list=m32,m64,mx32 --enable-multilib --with-tune=generic --enable-offload-targets=nvptx-none=/build/gcc-11-XeT9lY/gcc-11-11.4.0/debian/tmp-nvptx/usr,amdgcn-amdhsa=/build/gcc-11-XeT9lY/gcc-11-11.4.0/debian/tmp-gcn/usr --without-cuda-driver --enable-checking=release --build=x86_64-linux-gnu --host=x86_64-linux-gnu --target=x86_64-linux-gnu --with-build-config=bootstrap-lto-lean --enable-link-serialization=2
Thread model: posix
Supported LTO compression algorithms: zlib zstd
gcc version 11.4.0 (Ubuntu 11.4.0-1ubuntu1~22.04) 
... rest of stderr output deleted ...
configure:15785: $? = 0
configure:15774: /usr/bin/c++ -V >&5
c++: error: unrecognized command-line option '-V'
c++: fatal error: no input files
compilation terminated.
configure:15785: $? = 1
configure:15774: /usr/bin/c++ -qversion >&5
c++: error: unrecognized command-line option '-qversion'; did you mean '--version'?
c++: fatal error: no input files
compilation terminated.
configure:15785: $? = 1
configure:15789: checking whether the compiler supports GNU C++
configure:15809: /usr/bin/c++ -c -export-dynamic -std=c++17 -Wno-c++11-compat -W -Wall -O2 -march=native -DNDEBUG  -Wno-literal-suffix -I/usr/include/x86_64-linux-gnu -I/cado-nfs  conftest.cpp >&5
configure:15809: $? = 0
configure:15819: result: yes
configure:15830: checking whether /usr/bin/c++ accepts -g
configure:15851: /usr/bin/c++ -c -g  conftest.cpp >&5
configure:15851: $? = 0
configure:15895: result: yes
configure:15915: checking for /usr/bin/c++ option to enable C++11 features
configure:15930: /usr/bin/c++  -c -export-dynamic -std=c++17 -Wno-c++11-compat -W -Wall -O2 -march=native -DNDEBUG  -Wno-literal-suffix -I/usr/include/x86_64-linux-gnu -I/cado-nfs  conftest.cpp >&5
conftest.cpp: In function 'int main(int, char**)':
conftest.cpp:149:8: warning: unused variable 'a1' [-Wunused-variable]
  149 |   auto a1 = 6538;
      |        ^~
conftest.cpp:156:16: warning: unused variable 'a4' [-Wunused-variable]
  156 |   decltype(a2) a4 = 34895.034;
      |                ^~
conftest.cpp:160:9: warning: unused variable 'sa' [-Wunused-variable]
  160 |   short sa[cxx11test::get_val()] = { 0 };
      |         ^~
conftest.cpp:164:23: warning: unused variable 'il' [-Wunused-variable]
  164 |   cxx11test::testinit il = { 4323, 435234.23544 };
      |                       ^~
conftest.cpp:185:8: warning: unused variable 'a' [-Wunused-variable]
  185 |   auto a = sum(1);
      |        ^
conftest.cpp:186:8: warning: unused variable 'b' [-Wunused-variable]
  186 |   auto b = sum(1, 2);
      |        ^
conftest.cpp:187:8: warning: unused variable 'c' [-Wunused-variable]
  187 |   auto c = sum(1.0, 2.0, 3.0);
      |        ^
conftest.cpp:192:25: warning: empty parentheses were disambiguated as a function declaration [-Wvexing-parse]
  192 |   cxx11test::delegate d2();
      |                         ^~
conftest.cpp:192:25: note: remove parentheses to default-initialize a variable
  192 |   cxx11test::delegate d2();
      |                         ^~
      |                         --
conftest.cpp:192:25: note: or replace parentheses with braces to value-initialize a variable
conftest.cpp:201:9: warning: unused variable 'c' [-Wunused-variable]
  201 |   char *c = nullptr;
      |         ^
conftest.cpp:209:15: warning: unused variable 'utf8' [-Wunused-variable]
  209 |   char const *utf8 = u8"UTF-8 string \u2500";
      |               ^~~~
conftest.cpp:210:19: warning: unused variable 'utf16' [-Wunused-variable]
  210 |   char16_t const *utf16 = u"UTF-8 string \u2500";
      |                   ^~~~~
conftest.cpp:211:19: warning: unused variable 'utf32' [-Wunused-variable]
  211 |   char32_t const *utf32 = U"UTF-32 string \u2500";
      |                   ^~~~~
configure:15930: $? = 0
configure:15948: result: none needed
configure:16014: checking dependency style of /usr/bin/c++
configure:16126: result: none
configure:16159: checking how to run the C++ preprocessor
configure:16181: /usr/bin/c++ -E  conftest.cpp
configure:16181: $? = 0
configure:16196: /usr/bin/c++ -E  conftest.cpp
conftest.cpp:26:10: fatal error: ac_nonexistent.h: No such file or directory
   26 | #include <ac_nonexistent.h>
      |          ^~~~~~~~~~~~~~~~~~
compilation terminated.
configure:16196: $? = 1
configure: failed program was:
| /* confdefs.h */
| #define PACKAGE_NAME "gf2x"
| #define PACKAGE_TARNAME "gf2x"
| #define PACKAGE_VERSION "1.3.1dev"
| #define PACKAGE_STRING "gf2x 1.3.1dev"
| #define PACKAGE_BUGREPORT ""
| #define PACKAGE_URL ""
| #define HAVE_STDIO_H 1
| #define HAVE_STDLIB_H 1
| #define HAVE_STRING_H 1
| #define HAVE_INTTYPES_H 1
| #define HAVE_STDINT_H 1
| #define HAVE_STRINGS_H 1
| #define HAVE_SYS_STAT_H 1
| #define HAVE_SYS_TYPES_H 1
| #define HAVE_UNISTD_H 1
| #define STDC_HEADERS 1
| #define HAVE_ALLOCA_H 1
| #define HAVE_ALLOCA 1
| #define PACKAGE "gf2x"
| #define VERSION "1.3.1dev"
| #define HAVE_DLFCN_H 1
| #define LT_OBJDIR ".libs/"
| #define GF2X_HAS_FFT_INTERFACE_SUPPORT 1
| /* end confdefs.h.  */
| #include <ac_nonexistent.h>
configure:16223: result: /usr/bin/c++ -E
configure:16237: /usr/bin/c++ -E  conftest.cpp
configure:16237: $? = 0
configure:16252: /usr/bin/c++ -E  conftest.cpp
conftest.cpp:26:10: fatal error: ac_nonexistent.h: No such file or directory
   26 | #include <ac_nonexistent.h>
      |          ^~~~~~~~~~~~~~~~~~
compilation terminated.
configure:16252: $? = 1
configure: failed program was:
| /* confdefs.h */
| #define PACKAGE_NAME "gf2x"
| #define PACKAGE_TARNAME "gf2x"
| #define PACKAGE_VERSION "1.3.1dev"
| #define PACKAGE_STRING "gf2x 1.3.1dev"
| #define PACKAGE_BUGREPORT ""
| #define PACKAGE_URL ""
| #define HAVE_STDIO_H 1
| #define HAVE_STDLIB_H 1
| #define HAVE_STRING_H 1
| #define HAVE_INTTYPES_H 1
| #define HAVE_STDINT_H 1
| #define HAVE_STRINGS_H 1
| #define HAVE_SYS_STAT_H 1
| #define HAVE_SYS_TYPES_H 1
| #define HAVE_UNISTD_H 1
| #define STDC_HEADERS 1
| #define HAVE_ALLOCA_H 1
| #define HAVE_ALLOCA 1
| #define PACKAGE "gf2x"
| #define VERSION "1.3.1dev"
| #define HAVE_DLFCN_H 1
| #define LT_OBJDIR ".libs/"
| #define GF2X_HAS_FFT_INTERFACE_SUPPORT 1
| /* end confdefs.h.  */
| #include <ac_nonexistent.h>
configure:16417: checking for ld used by /usr/bin/c++
configure:16485: result: /usr/bin/ld
configure:16492: checking if the linker (/usr/bin/ld) is GNU ld
configure:16508: result: yes
configure:16563: checking whether the /usr/bin/c++ linker (/usr/bin/ld) supports shared libraries
configure:17641: result: yes
configure:17677: /usr/bin/c++ -c -export-dynamic -std=c++17 -Wno-c++11-compat -W -Wall -O2 -march=native -DNDEBUG  -Wno-literal-suffix -I/usr/include/x86_64-linux-gnu -I/cado-nfs  conftest.cpp >&5
configure:17680: $? = 0
configure:18161: checking for /usr/bin/c++ option to produce PIC
configure:18169: result: -fPIC -DPIC
configure:18177: checking if /usr/bin/c++ PIC flag -fPIC -DPIC works
configure:18196: /usr/bin/c++ -c -export-dynamic -std=c++17 -Wno-c++11-compat -W -Wall -O2 -march=native -DNDEBUG  -Wno-literal-suffix -I/usr/include/x86_64-linux-gnu -I/cado-nfs  -fPIC -DPIC -DPIC conftest.cpp >&5
configure:18200: $? = 0
configure:18213: result: yes
configure:18236: checking if /usr/bin/c++ static flag -static works
configure:18265: result: yes
configure:18277: checking if /usr/bin/c++ supports -c -o file.o
configure:18299: /usr/bin/c++ -c -export-dynamic -std=c++17 -Wno-c++11-compat -W -Wall -O2 -march=native -DNDEBUG  -Wno-literal-suffix -I/usr/include/x86_64-linux-gnu -I/cado-nfs  -o out/conftest2.o conftest.cpp >&5
configure:18303: $? = 0
configure:18325: result: yes
configure:18330: checking if /usr/bin/c++ supports -c -o file.o
configure:18378: result: yes
configure:18408: checking whether the /usr/bin/c++ linker (/usr/bin/ld) supports shared libraries
configure:18451: result: yes
configure:18593: checking dynamic linker characteristics
configure:19353: result: GNU/Linux ld.so
configure:19418: checking how to hardcode library paths into programs
configure:19443: result: immediate
configure:19484: checking warning verbosity option
configure:19523: result: -Wall -W for C++ -Wall -W for C
configure:19537: checking how to run the C preprocessor
configure:19563: /usr/bin/cc -E  conftest.c
configure:19563: $? = 0
configure:19578: /usr/bin/cc -E  conftest.c
conftest.c:26:10: fatal error: ac_nonexistent.h: No such file or directory
   26 | #include <ac_nonexistent.h>
      |          ^~~~~~~~~~~~~~~~~~
compilation terminated.
configure:19578: $? = 1
configure: failed program was:
| /* confdefs.h */
| #define PACKAGE_NAME "gf2x"
| #define PACKAGE_TARNAME "gf2x"
| #define PACKAGE_VERSION "1.3.1dev"
| #define PACKAGE_STRING "gf2x 1.3.1dev"
| #define PACKAGE_BUGREPORT ""
| #define PACKAGE_URL ""
| #define HAVE_STDIO_H 1
| #define HAVE_STDLIB_H 1
| #define HAVE_STRING_H 1
| #define HAVE_INTTYPES_H 1
| #define HAVE_STDINT_H 1
| #define HAVE_STRINGS_H 1
| #define HAVE_SYS_STAT_H 1
| #define HAVE_SYS_TYPES_H 1
| #define HAVE_UNISTD_H 1
| #define STDC_HEADERS 1
| #define HAVE_ALLOCA_H 1
| #define HAVE_ALLOCA 1
| #define PACKAGE "gf2x"
| #define VERSION "1.3.1dev"
| #define HAVE_DLFCN_H 1
| #define LT_OBJDIR ".libs/"
| #define GF2X_HAS_FFT_INTERFACE_SUPPORT 1
| /* end confdefs.h.  */
| #include <ac_nonexistent.h>
configure:19605: result: /usr/bin/cc -E
configure:19619: /usr/bin/cc -E  conftest.c
configure:19619: $? = 0
configure:19634: /usr/bin/cc -E  conftest.c
conftest.c:26:10: fatal error: ac_nonexistent.h: No such file or directory
   26 | #include <ac_nonexistent.h>
      |          ^~~~~~~~~~~~~~~~~~
compilation terminated.
configure:19634: $? = 1
configure: failed program was:
| /* confdefs.h */
| #define PACKAGE_NAME "gf2x"
| #define PACKAGE_TARNAME "gf2x"
| #define PACKAGE_VERSION "1.3.1dev"
| #define PACKAGE_STRING "gf2x 1.3.1dev"
| #define PACKAGE_BUGREPORT ""
| #define PACKAGE_URL ""
| #define HAVE_STDIO_H 1
| #define HAVE_STDLIB_H 1
| #define HAVE_STRING_H 1
| #define HAVE_INTTYPES_H 1
| #define HAVE_STDINT_H 1
| #define HAVE_STRINGS_H 1
| #define HAVE_SYS_STAT_H 1
| #define HAVE_SYS_TYPES_H 1
| #define HAVE_UNISTD_H 1
| #define STDC_HEADERS 1
| #define HAVE_ALLOCA_H 1
| #define HAVE_ALLOCA 1
| #define PACKAGE "gf2x"
| #define VERSION "1.3.1dev"
| #define HAVE_DLFCN_H 1
| #define LT_OBJDIR ".libs/"
| #define GF2X_HAS_FFT_INTERFACE_SUPPORT 1
| /* end confdefs.h.  */
| #include <ac_nonexistent.h>
configure:19734: checking build system compiler /usr/bin/cc
configure:19748: /usr/bin/cc conftest.c
configure:19751: $? = 0
configure:19758: result: yes
configure:19777: checking for build system executable suffix
configure:19793: /usr/bin/cc conftest.c -o conftest.exe
configure:19796: $? = 0
/cado-nfs/gf2x/configure: line 19798: ./conftest: No such file or directory
configure:19793: /usr/bin/cc conftest.c -o conftest,ff8
configure:19796: $? = 0
/cado-nfs/gf2x/configure: line 19798: ./conftest: No such file or directory
configure:19793: /usr/bin/cc conftest.c -o conftest
configure:19796: $? = 0
configure:19810: result: 
configure:19816: checking for __attribute__((visibility("hidden")))
configure:19830: /usr/bin/cc -fvisibility=hidden -Werror -S conftest.c -o conftest.s 1>&5
configure:19833: $? = 0
configure:19844: result: yes
configure:19862: checking that clock() returns non-constant values
configure:19895: /usr/bin/cc -o conftest -std=c99 -W -Wall -O2 -march=native -DNDEBUG  -I/usr/include/x86_64-linux-gnu -I/cado-nfs -Wall -W  -Wl,-rpath,/usr/lib/x86_64-linux-gnu -L/usr/lib/x86_64-linux-gnu conftest.c  >&5
configure:19895: $? = 0
configure:19895: ./conftest
configure:19895: $? = 0
configure:19911: result: yes
configure:19937: checking size of unsigned long
configure:19943: /usr/bin/cc -o conftest -std=c99 -W -Wall -O2 -march=native -DNDEBUG  -I/usr/include/x86_64-linux-gnu -I/cado-nfs -Wall -W  -Wl,-rpath,/usr/lib/x86_64-linux-gnu -L/usr/lib/x86_64-linux-gnu conftest.c  >&5
configure:19943: $? = 0
configure:19943: ./conftest
configure:19943: $? = 0
configure:19958: result: 8
configure:19990: checking whether /usr/bin/cc can compile and run sse-2 code
configure:20043: /usr/bin/cc -o conftest -std=c99 -W -Wall -O2 -march=native -DNDEBUG  -I/usr/include/x86_64-linux-gnu -I/cado-nfs -Wall -W  -Wl,-rpath,/usr/lib/x86_64-linux-gnu -L/usr/lib/x86_64-linux-gnu conftest.c  >&5
conftest.c: In function 'main':
conftest.c:40:13: warning: unused variable 'g' [-Wunused-variable]
   40 |     __m128d g = _mm_set_pd((double) a1, (double) a0);
      |             ^
conftest.c:34:27: warning: unused parameter 'argv' [-Wunused-parameter]
   34 | int main(int argc, char * argv[]) {
      |                    ~~~~~~~^~~~~~
configure:20043: $? = 0
configure:20043: ./conftest
configure:20043: $? = 0
configure:20119: result: yes
configure:20241: checking whether /usr/bin/cc can compile and run sse-3 code
configure:20287: /usr/bin/cc -o conftest -std=c99 -W -Wall -O2 -march=native -DNDEBUG  -I/usr/include/x86_64-linux-gnu -I/cado-nfs  -Wl,-rpath,/usr/lib/x86_64-linux-gnu -L/usr/lib/x86_64-linux-gnu conftest.c  >&5
configure:20287: $? = 0
configure:20287: ./conftest
configure:20287: $? = 0
configure:20356: result: yes
configure:20464: checking whether /usr/bin/cc can compile and run ssse-3 code
configure:20509: /usr/bin/cc -o conftest -std=c99 -W -Wall -O2 -march=native -DNDEBUG  -I/usr/include/x86_64-linux-gnu -I/cado-nfs  -Wl,-rpath,/usr/lib/x86_64-linux-gnu -L/usr/lib/x86_64-linux-gnu conftest.c  >&5
configure:20509: $? = 0
configure:20509: ./conftest
configure:20509: $? = 0
configure:20577: result: yes
configure:20683: checking whether /usr/bin/cc can compile and run sse-4.1 code
configure:20734: /usr/bin/cc -o conftest -std=c99 -W -Wall -O2 -march=native -DNDEBUG  -I/usr/include/x86_64-linux-gnu -I/cado-nfs  -Wl,-rpath,/usr/lib/x86_64-linux-gnu -L/usr/lib/x86_64-linux-gnu conftest.c  >&5
configure:20734: $? = 0
configure:20734: ./conftest
configure:20734: $? = 0
configure:20808: result: yes
configure:20926: checking whether /usr/bin/cc can compile and run pclmul code
configure:20982: /usr/bin/cc -o conftest -std=c99 -W -Wall -O2 -march=native -DNDEBUG  -I/usr/include/x86_64-linux-gnu -I/cado-nfs  -Wl,-rpath,/usr/lib/x86_64-linux-gnu -L/usr/lib/x86_64-linux-gnu conftest.c  >&5
configure:20982: $? = 0
configure:20982: ./conftest
configure:20982: $? = 0
configure:21061: result: yes
configure:21469: using ABI="default"
configure:21471:       CC="/usr/bin/cc"
configure:21473:       CFLAGS="-std=c99 -W -Wall -O2 -march=native -DNDEBUG  -I/usr/include/x86_64-linux-gnu -I/cado-nfs"
configure:21475:       CPPFLAGS=""
configure:21477:       hwdir="x86_64_pclmul"
configure:21508: checking the number of bits in an unsigned long
configure:21548: /usr/bin/cc -o conftest -std=c99 -W -Wall -O2 -march=native -DNDEBUG  -I/usr/include/x86_64-linux-gnu -I/cado-nfs  -Wl,-rpath,/usr/lib/x86_64-linux-gnu -L/usr/lib/x86_64-linux-gnu conftest.c  >&5
configure:21548: $? = 0
configure:21548: ./conftest
configure:21548: $? = 0
configure:21574: result: 64
configure:21578: checking whether already_tuned/x86_64_pclmul/ is right assuming 64-bits unsigned longs
configure:21583: result: yes
configure:21754: checking that generated files are newer than configure
configure:21760: result: done
configure:21827: creating ./config.status

## ---------------------- ##
## Running config.status. ##
## ---------------------- ##

This file was extended by gf2x config.status 1.3.1dev, which was
generated by GNU Autoconf 2.71.  Invocation command line was

  CONFIG_FILES    = 
  CONFIG_HEADERS  = 
  CONFIG_LINKS    = 
  CONFIG_COMMANDS = 
  $ ./config.status 

on buildkitsandbox

config.status:1213: creating version.sh
config.status:1213: creating Makefile
config.status:1213: creating tests/Makefile
config.status:1213: creating lowlevel/Makefile
config.status:1213: creating src/Makefile
config.status:1213: creating fft/Makefile
config.status:1213: creating fft/gf2x-fft.h
config.status:1213: creating gf2x.h.in
config.status:1213: creating gf2x.pc
config.status:1213: creating gf2x/gf2x-config.h
config.status:1213: creating gf2x/gf2x-config-export.h
config.status:1213: creating gf2x.h
config.status:1439: linking /cado-nfs/gf2x/already_tuned/x86_64_pclmul/gf2x-thresholds.h to gf2x/gf2x-thresholds.h
config.status:1439: linking /cado-nfs/gf2x/already_tuned/x86_64_pclmul/gf2x_mul1.h to gf2x/gf2x_mul1.h
config.status:1439: linking /cado-nfs/gf2x/already_tuned/x86_64_pclmul/gf2x_mul2.h to gf2x/gf2x_mul2.h
config.status:1439: linking /cado-nfs/gf2x/already_tuned/x86_64_pclmul/gf2x_mul3.h to gf2x/gf2x_mul3.h
config.status:1439: linking /cado-nfs/gf2x/already_tuned/x86_64_pclmul/gf2x_mul4.h to gf2x/gf2x_mul4.h
config.status:1439: linking /cado-nfs/gf2x/already_tuned/x86_64_pclmul/gf2x_mul5.h to gf2x/gf2x_mul5.h
config.status:1439: linking /cado-nfs/gf2x/already_tuned/x86_64_pclmul/gf2x_mul6.h to gf2x/gf2x_mul6.h
config.status:1439: linking /cado-nfs/gf2x/already_tuned/x86_64_pclmul/gf2x_mul7.h to gf2x/gf2x_mul7.h
config.status:1439: linking /cado-nfs/gf2x/already_tuned/x86_64_pclmul/gf2x_mul8.h to gf2x/gf2x_mul8.h
config.status:1439: linking /cado-nfs/gf2x/already_tuned/x86_64_pclmul/gf2x_mul9.h to gf2x/gf2x_mul9.h
config.status:1458: executing depfiles commands
config.status:1458: executing libtool commands

## ---------------- ##
## Cache variables. ##
## ---------------- ##

ac_cv_build=x86_64-unknown-linux-gnu
ac_cv_c_compiler_gnu=yes
ac_cv_cxx_compiler_gnu=yes
ac_cv_env_CCC_set=
ac_cv_env_CCC_value=
ac_cv_env_CC_FOR_BUILD_set=
ac_cv_env_CC_FOR_BUILD_value=
ac_cv_env_CC_set=set
ac_cv_env_CC_value=/usr/bin/cc
ac_cv_env_CFLAGS_set=set
ac_cv_env_CFLAGS_value='-std=c99 -W -Wall -O2 -march=native -DNDEBUG  -I/usr/include/x86_64-linux-gnu -I/cado-nfs'
ac_cv_env_CPPFLAGS_set=
ac_cv_env_CPPFLAGS_value=
ac_cv_env_CPP_set=
ac_cv_env_CPP_value=
ac_cv_env_CXXCPP_set=
ac_cv_env_CXXCPP_value=
ac_cv_env_CXXFLAGS_set=set
ac_cv_env_CXXFLAGS_value='-export-dynamic -std=c++17 -Wno-c++11-compat -W -Wall -O2 -march=native -DNDEBUG  -Wno-literal-suffix -I/usr/include/x86_64-linux-gnu -I/cado-nfs'
ac_cv_env_CXX_set=set
ac_cv_env_CXX_value=/usr/bin/c++
ac_cv_env_LDFLAGS_set=set
ac_cv_env_LDFLAGS_value='-Wl,-rpath,/usr/lib/x86_64-linux-gnu -L/usr/lib/x86_64-linux-gnu'
ac_cv_env_LIBS_set=
ac_cv_env_LIBS_value=
ac_cv_env_LT_SYS_LIBRARY_PATH_set=
ac_cv_env_LT_SYS_LIBRARY_PATH_value=
ac_cv_env_build_alias_set=
ac_cv_env_build_alias_value=
ac_cv_env_host_alias_set=
ac_cv_env_host_alias_value=
ac_cv_env_target_alias_set=
ac_cv_env_target_alias_value=
ac_cv_func_alloca_works=yes
ac_cv_header_dlfcn_h=yes
ac_cv_header_inttypes_h=yes
ac_cv_header_stdint_h=yes
ac_cv_header_stdio_h=yes
ac_cv_header_stdlib_h=yes
ac_cv_header_string_h=yes
ac_cv_header_strings_h=yes
ac_cv_header_sys_stat_h=yes
ac_cv_header_sys_types_h=yes
ac_cv_header_unistd_h=yes
ac_cv_host=x86_64-unknown-linux-gnu
ac_cv_objext=o
ac_cv_path_EGREP='/usr/bin/grep -E'
ac_cv_path_FGREP='/usr/bin/grep -F'
ac_cv_path_GREP=/usr/bin/grep
ac_cv_path_SED=/usr/bin/sed
ac_cv_path_install='/usr/bin/install -c'
ac_cv_path_lt_DD=/usr/bin/dd
ac_cv_path_mkdir=/usr/bin/mkdir
ac_cv_prog_AWK=mawk
ac_cv_prog_CPP='/usr/bin/cc -E'
ac_cv_prog_CXXCPP='/usr/bin/c++ -E'
ac_cv_prog_ac_ct_AR=ar
ac_cv_prog_ac_ct_CC=/usr/bin/cc
ac_cv_prog_ac_ct_OBJDUMP=objdump
ac_cv_prog_ac_ct_RANLIB=ranlib
ac_cv_prog_ac_ct_STRIP=strip
ac_cv_prog_cc_c11=no
ac_cv_prog_cc_c99=
ac_cv_prog_cc_g=yes
ac_cv_prog_cc_stdc=
ac_cv_prog_cxx_11=no
ac_cv_prog_cxx_cxx11=
ac_cv_prog_cxx_g=yes
ac_cv_prog_cxx_stdcxx=
ac_cv_prog_make_make_set=yes
ac_cv_sizeof_unsigned_long=8
ac_cv_target=x86_64-unknown-linux-gnu
ac_cv_type_size_t=yes
ac_cv_working_alloca_h=yes
am_cv_CC_dependencies_compiler_type=none
am_cv_CXX_dependencies_compiler_type=none
am_cv_make_support_nested_variables=yes
am_cv_prog_cc_c_o=yes
ax_cv_c_compiler_vendor=gnu
ax_cv_c_compiler_version=11.4.0
gf2x_cv_cc_supports_pclmul=yes
gf2x_cv_cc_supports_sse2=yes
gf2x_cv_cc_supports_sse3=yes
gf2x_cv_cc_supports_sse41=yes
gf2x_cv_cc_supports_ssse3=yes
gf2x_cv_clock_is_not_constant=yes
gf2x_cv_hidden_visibility_attribute=yes
gf2x_cv_prog_exeext_for_build=
gf2x_cv_ulongbits=64
lt_cv_ar_at_file=@
lt_cv_deplibs_check_method=pass_all
lt_cv_file_magic_cmd='$MAGIC_CMD'
lt_cv_file_magic_test_file=
lt_cv_ld_reload_flag=-r
lt_cv_nm_interface='BSD nm'
lt_cv_objdir=.libs
lt_cv_path_LD=/usr/bin/ld
lt_cv_path_LDCXX=/usr/bin/ld
lt_cv_path_NM='/usr/bin/nm -B'
lt_cv_path_mainfest_tool=no
lt_cv_prog_compiler_c_o=yes
lt_cv_prog_compiler_c_o_CXX=yes
lt_cv_prog_compiler_pic='-fPIC -DPIC'
lt_cv_prog_compiler_pic_CXX='-fPIC -DPIC'
lt_cv_prog_compiler_pic_works=yes
lt_cv_prog_compiler_pic_works_CXX=yes
lt_cv_prog_compiler_rtti_exceptions=no
lt_cv_prog_compiler_static_works=yes
lt_cv_prog_compiler_static_works_CXX=yes
lt_cv_prog_gnu_ld=yes
lt_cv_prog_gnu_ldcxx=yes
lt_cv_sharedlib_from_linklib_cmd='printf %s\n'
lt_cv_shlibpath_overrides_runpath=yes
lt_cv_sys_global_symbol_pipe='/usr/bin/sed -n -e '\''s/^.*[	 ]\([ABCDGIRSTW][ABCDGIRSTW]*\)[	 ][	 ]*\([_A-Za-z][_A-Za-z0-9]*\)$/\1 \2 \2/p'\'' | /usr/bin/sed '\''/ __gnu_lto/d'\'''
lt_cv_sys_global_symbol_to_c_name_address='/usr/bin/sed -n -e '\''s/^: \(.*\) .*$/  {"\1", (void *) 0},/p'\'' -e '\''s/^[ABCDGIRSTW][ABCDGIRSTW]* .* \(.*\)$/  {"\1", (void *) \&\1},/p'\'''
lt_cv_sys_global_symbol_to_c_name_address_lib_prefix='/usr/bin/sed -n -e '\''s/^: \(.*\) .*$/  {"\1", (void *) 0},/p'\'' -e '\''s/^[ABCDGIRSTW][ABCDGIRSTW]* .* \(lib.*\)$/  {"\1", (void *) \&\1},/p'\'' -e '\''s/^[ABCDGIRSTW][ABCDGIRSTW]* .* \(.*\)$/  {"lib\1", (void *) \&\1},/p'\'''
lt_cv_sys_global_symbol_to_cdecl='/usr/bin/sed -n -e '\''s/^T .* \(.*\)$/extern int \1();/p'\'' -e '\''s/^[ABCDGIRSTW][ABCDGIRSTW]* .* \(.*\)$/extern char \1;/p'\'''
lt_cv_sys_global_symbol_to_import=
lt_cv_sys_max_cmd_len=1572864
lt_cv_to_host_file_cmd=func_convert_file_noop
lt_cv_to_tool_file_cmd=func_convert_file_noop
lt_cv_truncate_bin='/usr/bin/dd bs=4096 count=1'

## ----------------- ##
## Output variables. ##
## ----------------- ##

ACLOCAL='${SHELL} '\''/cado-nfs/gf2x/config/missing'\'' aclocal-1.16'
ALLOCA=''
AMDEPBACKSLASH=''
AMDEP_FALSE=''
AMDEP_TRUE='#'
AMTAR='$${TAR-tar}'
AM_BACKSLASH='\'
AM_DEFAULT_V='$(AM_DEFAULT_VERBOSITY)'
AM_DEFAULT_VERBOSITY='1'
AM_V='$(V)'
AR='ar'
AUTOCONF='${SHELL} '\''/cado-nfs/gf2x/config/missing'\'' autoconf'
AUTOHEADER='${SHELL} '\''/cado-nfs/gf2x/config/missing'\'' autoheader'
AUTOMAKE='${SHELL} '\''/cado-nfs/gf2x/config/missing'\'' automake-1.16'
AWK='mawk'
CC='/usr/bin/cc'
CCDEPMODE='depmode=none'
CC_FOR_BUILD='/usr/bin/cc'
CFLAGS='-std=c99 -W -Wall -O2 -march=native -DNDEBUG  -I/usr/include/x86_64-linux-gnu -I/cado-nfs'
CPP='/usr/bin/cc -E'
CPPFLAGS=''
CSCOPE='cscope'
CTAGS='ctags'
CXX='/usr/bin/c++'
CXXCPP='/usr/bin/c++ -E'
CXXDEPMODE='depmode=none'
CXXFLAGS='-export-dynamic -std=c++17 -Wno-c++11-compat -W -Wall -O2 -march=native -DNDEBUG  -Wno-literal-suffix -I/usr/include/x86_64-linux-gnu -I/cado-nfs -Wall -W'
CYGPATH_W='echo'
DEFS='-DHAVE_CONFIG_H'
DEPDIR='.deps'
DLLTOOL='false'
DSYMUTIL=''
DUMPBIN=''
ECHO_C=''
ECHO_N='-n'
ECHO_T=''
EGREP='/usr/bin/grep -E'
ENABLE_FFT_INTERFACE_FALSE='#'
ENABLE_FFT_INTERFACE_TRUE=''
ETAGS='etags'
EXEEXT=''
EXEEXT_FOR_BUILD=''
FGREP='/usr/bin/grep -F'
FILECMD=':'
GF2X_32BIT_SOURCES_FALSE=''
GF2X_32BIT_SOURCES_TRUE='#'
GF2X_64BIT_SOURCES_FALSE='#'
GF2X_64BIT_SOURCES_TRUE=''
GF2X_FFT_VERSION_MAJOR='GF2X_VERSION_MAJOR'
GF2X_FFT_VERSION_MINOR='GF2X_VERSION_MINOR'
GF2X_FFT_VERSION_PATCHLEVEL='GF2X_VERSION_PATCHLEVEL'
GF2X_PCLMUL_AVAILABLE_FALSE='#'
GF2X_PCLMUL_AVAILABLE_TRUE=''
GF2X_SSE2_AVAILABLE_FALSE='#'
GF2X_SSE2_AVAILABLE_TRUE=''
GF2X_VERSION_MAJOR='1'
GF2X_VERSION_MINOR='3'
GF2X_VERSION_PATCHLEVEL='1'
GF2X_WORDSIZE='64'
GPL_CODE_PRESENT_FALSE=''
GPL_CODE_PRESENT_TRUE='#'
GREP='/usr/bin/grep'
HAVE_HIDDEN_VISIBILITY_ATTRIBUTE_FALSE='#'
HAVE_HIDDEN_VISIBILITY_ATTRIBUTE_TRUE=''
HAVE_NONCONSTANT_CLOCK_FALSE='#'
HAVE_NONCONSTANT_CLOCK_TRUE=''
INSTALL_DATA='${INSTALL} -m 644'
INSTALL_PROGRAM='${INSTALL}'
INSTALL_SCRIPT='${INSTALL}'
INSTALL_STRIP_PROGRAM='$(install_sh) -c -s'
LD='/usr/bin/ld'
LDFLAGS='-Wl,-rpath,/usr/lib/x86_64-linux-gnu -L/usr/lib/x86_64-linux-gnu'
LIBOBJS=''
LIBS=''
LIBTOOL='$(SHELL) $(top_builddir)/libtool'
LIPO=''
LN_S='ln -s'
LTLIBOBJS=''
LT_SYS_LIBRARY_PATH=''
MAINT='#'
MAINTAINER_MODE_FALSE=''
MAINTAINER_MODE_TRUE='#'
MAKEINFO='${SHELL} '\''/cado-nfs/gf2x/config/missing'\'' makeinfo'
MANIFEST_TOOL=':'
MKDIR_P='/usr/bin/mkdir -p'
NM='/usr/bin/nm -B'
NMEDIT=''
OBJDUMP='objdump'
OBJEXT='o'
OTOOL64=''
OTOOL=''
PACKAGE='gf2x'
PACKAGE_BUGREPORT=''
PACKAGE_NAME='gf2x'
PACKAGE_STRING='gf2x 1.3.1dev'
PACKAGE_TARNAME='gf2x'
PACKAGE_URL=''
PACKAGE_VERSION='1.3.1dev'
PATH_SEPARATOR=':'
RANLIB='ranlib'
SED='/usr/bin/sed'
SET_MAKE=''
SHELL='/bin/bash'
STRIP='strip'
VERSION='1.3.1dev'
WORDSIZE_IS_64_FALSE='#'
WORDSIZE_IS_64_TRUE=''
ac_ct_AR='ar'
ac_ct_CC='/usr/bin/cc'
ac_ct_CXX=''
ac_ct_DUMPBIN=''
am__EXEEXT_FALSE=''
am__EXEEXT_TRUE='#'
am__fastdepCC_FALSE=''
am__fastdepCC_TRUE='#'
am__fastdepCXX_FALSE=''
am__fastdepCXX_TRUE='#'
am__include='include'
am__isrc=' -I$(srcdir)'
am__leading_dot='.'
am__nodep=''
am__quote=''
am__tar='$${TAR-tar} chof - "$$tardir"'
am__untar='$${TAR-tar} xf -'
bindir='${exec_prefix}/bin'
build='x86_64-unknown-linux-gnu'
build_alias=''
build_cpu='x86_64'
build_os='linux-gnu'
build_vendor='unknown'
datadir='${datarootdir}'
datarootdir='${prefix}/share'
docdir='${datarootdir}/doc/${PACKAGE_TARNAME}'
dvidir='${docdir}'
exec_prefix='${prefix}'
gf2x_fft_lib_version='3:1:0'
gf2x_lib_version='3:0:0'
host='x86_64-unknown-linux-gnu'
host_alias=''
host_cpu='x86_64'
host_os='linux-gnu'
host_vendor='unknown'
htmldir='${docdir}'
includedir='${prefix}/include'
infodir='${datarootdir}/info'
install_sh='${SHELL} /cado-nfs/gf2x/config/install-sh'
libdir='${exec_prefix}/lib'
libexecdir='${exec_prefix}/libexec'
localedir='${datarootdir}/locale'
localstatedir='${prefix}/var'
mandir='${datarootdir}/man'
mkdir_p='$(MKDIR_P)'
oldincludedir='/usr/include'
pdfdir='${docdir}'
prefix='/usr/local'
program_transform_name='s,x,x,'
psdir='${docdir}'
runstatedir='${localstatedir}/run'
sbindir='${exec_prefix}/sbin'
sharedstatedir='${prefix}/com'
sysconfdir='${prefix}/etc'
target='x86_64-unknown-linux-gnu'
target_alias=''
target_cpu='x86_64'
target_os='linux-gnu'
target_vendor='unknown'

## ----------- ##
## confdefs.h. ##
## ----------- ##

/* confdefs.h */
#define PACKAGE_NAME "gf2x"
#define PACKAGE_TARNAME "gf2x"
#define PACKAGE_VERSION "1.3.1dev"
#define PACKAGE_STRING "gf2x 1.3.1dev"
#define PACKAGE_BUGREPORT ""
#define PACKAGE_URL ""
#define HAVE_STDIO_H 1
#define HAVE_STDLIB_H 1
#define HAVE_STRING_H 1
#define HAVE_INTTYPES_H 1
#define HAVE_STDINT_H 1
#define HAVE_STRINGS_H 1
#define HAVE_SYS_STAT_H 1
#define HAVE_SYS_TYPES_H 1
#define HAVE_UNISTD_H 1
#define STDC_HEADERS 1
#define HAVE_ALLOCA_H 1
#define HAVE_ALLOCA 1
#define PACKAGE "gf2x"
#define VERSION "1.3.1dev"
#define HAVE_DLFCN_H 1
#define LT_OBJDIR ".libs/"
#define GF2X_HAS_FFT_INTERFACE_SUPPORT 1
#define HAVE_HIDDEN_VISIBILITY_ATTRIBUTE 1
#define HAVE_NONCONSTANT_CLOCK 1
#define SIZEOF_UNSIGNED_LONG 8
#define GF2X_HAVE_SSE2_SUPPORT 1
#define GF2X_HAVE_SSE3_SUPPORT 1
#define GF2X_HAVE_SSSE3_SUPPORT 1
#define GF2X_HAVE_SSE41_SUPPORT 1
#define GF2X_HAVE_PCLMUL_SUPPORT 1
#define GPL_CODE_PRESENT 0
#define GF2X_IS_LGPL_VARIANT 1

configure: exit 0
